<?xml version="1.0" encoding="UTF-8"?>
<!-- Generated by org.testng.reporters.JUnitReportReporter -->
<testsuite hostname="HPDESKTOP" failures="0" tests="1" name="scripts.Tc3" time="0.001" errors="0" timestamp="2022-12-28T20:42:13 IST" skipped="0">
  <testcase classname="scripts.Tc3" name="demo" time="0.001"/>
  <system-out>
    <![CDATA[hello phython]]>
  </system-out>
</testsuite> <!-- scripts.Tc3 -->
